2025-11-06 12:50:21 [background-preinit] INFO  o.h.validator.internal.util.Version - HV000001: Hibernate Validator 8.0.1.Final
2025-11-06 12:50:22 [restartedMain] INFO  B.B.L.LibrarianDostApplication - Starting LibrarianDostApplication using Java 21.0.5 with PID 89284 (C:\Users\User\Desktop\LibrarianDost\target\classes started by User in C:\Users\User\Desktop\LibrarianDost)
2025-11-06 12:50:22 [restartedMain] INFO  B.B.L.LibrarianDostApplication - The following 1 profile is active: "prod"
2025-11-06 12:50:22 [restartedMain] INFO  o.s.b.d.e.DevToolsPropertyDefaultsPostProcessor - Devtools property defaults active! Set 'spring.devtools.add-properties' to 'false' to disable
2025-11-06 12:50:22 [restartedMain] INFO  o.s.b.d.e.DevToolsPropertyDefaultsPostProcessor - For additional web related logging consider setting the 'logging.level.web' property to 'DEBUG'
2025-11-06 12:50:26 [restartedMain] INFO  o.s.d.r.c.RepositoryConfigurationDelegate - Bootstrapping Spring Data JPA repositories in DEFAULT mode.
2025-11-06 12:50:26 [restartedMain] INFO  o.s.d.r.c.RepositoryConfigurationDelegate - Finished Spring Data repository scanning in 123 ms. Found 4 JPA repository interfaces.
2025-11-06 12:50:28 [restartedMain] INFO  o.s.b.w.e.tomcat.TomcatWebServer - Tomcat initialized with port 8881 (http)
2025-11-06 12:50:29 [restartedMain] INFO  o.a.coyote.http11.Http11NioProtocol - Initializing ProtocolHandler ["http-nio-8881"]
2025-11-06 12:50:29 [restartedMain] INFO  o.a.catalina.core.StandardService - Starting service [Tomcat]
2025-11-06 12:50:29 [restartedMain] INFO  o.a.catalina.core.StandardEngine - Starting Servlet engine: [Apache Tomcat/10.1.25]
2025-11-06 12:50:29 [restartedMain] INFO  o.a.c.c.C.[Tomcat].[localhost].[/] - Initializing Spring embedded WebApplicationContext
2025-11-06 12:50:29 [restartedMain] INFO  o.s.b.w.s.c.ServletWebServerApplicationContext - Root WebApplicationContext: initialization completed in 6652 ms
2025-11-06 12:50:29 [restartedMain] INFO  com.zaxxer.hikari.HikariDataSource - HikariPool-1 - Starting...
2025-11-06 12:50:29 [restartedMain] INFO  com.zaxxer.hikari.pool.HikariPool - HikariPool-1 - Added connection conn0: url=jdbc:h2:mem:testdb user=SA
2025-11-06 12:50:29 [restartedMain] INFO  com.zaxxer.hikari.HikariDataSource - HikariPool-1 - Start completed.
2025-11-06 12:50:29 [restartedMain] INFO  o.s.b.a.h.H2ConsoleAutoConfiguration - H2 console available at '/h2-console'. Database available at 'jdbc:h2:mem:testdb'
2025-11-06 12:50:31 [restartedMain] INFO  o.h.jpa.internal.util.LogHelper - HHH000204: Processing PersistenceUnitInfo [name: default]
2025-11-06 12:50:31 [restartedMain] INFO  org.hibernate.Version - HHH000412: Hibernate ORM core version 6.5.2.Final
2025-11-06 12:50:31 [restartedMain] INFO  o.h.c.i.RegionFactoryInitiator - HHH000026: Second-level cache disabled
2025-11-06 12:50:31 [restartedMain] INFO  o.s.o.j.p.SpringPersistenceUnitInfo - No LoadTimeWeaver setup: ignoring JPA class transformer
2025-11-06 12:50:34 [restartedMain] INFO  o.h.e.t.j.p.i.JtaPlatformInitiator - HHH000489: No JTA platform available (set 'hibernate.transaction.jta.platform' to enable JTA platform integration)
2025-11-06 12:50:34 [restartedMain] INFO  o.s.o.j.LocalContainerEntityManagerFactoryBean - Initialized JPA EntityManagerFactory for persistence unit 'default'
2025-11-06 12:50:35 [restartedMain] INFO  o.s.s.c.a.a.c.InitializeAuthenticationProviderBeanManagerConfigurer$InitializeAuthenticationProviderManagerConfigurer - Global AuthenticationManager configured with AuthenticationProvider bean with name authenticationProvider
2025-11-06 12:50:35 [restartedMain] WARN  o.s.s.c.a.a.c.InitializeUserDetailsBeanManagerConfigurer$InitializeUserDetailsManagerConfigurer - Global AuthenticationManager configured with an AuthenticationProvider bean. UserDetailsService beans will not be used for username/password login. Consider removing the AuthenticationProvider bean. Alternatively, consider using the UserDetailsService in a manually instantiated DaoAuthenticationProvider.
2025-11-06 12:50:36 [restartedMain] WARN  o.s.b.a.o.j.JpaBaseConfiguration$JpaWebConfiguration - spring.jpa.open-in-view is enabled by default. Therefore, database queries may be performed during view rendering. Explicitly configure spring.jpa.open-in-view to disable this warning
2025-11-06 12:50:37 [restartedMain] INFO  o.s.b.d.a.OptionalLiveReloadServer - LiveReload server is running on port 35729
2025-11-06 12:50:38 [restartedMain] INFO  o.a.coyote.http11.Http11NioProtocol - Starting ProtocolHandler ["http-nio-8881"]
2025-11-06 12:50:38 [restartedMain] INFO  o.s.b.w.e.tomcat.TomcatWebServer - Tomcat started on port 8881 (http) with context path '/'
2025-11-06 12:50:38 [restartedMain] INFO  B.B.L.LibrarianDostApplication - Started LibrarianDostApplication in 18.391 seconds (process running for 19.746)
2025-11-06 12:50:49 [http-nio-8881-exec-1] INFO  o.a.c.c.C.[Tomcat].[localhost].[/] - Initializing Spring DispatcherServlet 'dispatcherServlet'
2025-11-06 12:50:49 [http-nio-8881-exec-1] INFO  o.s.web.servlet.DispatcherServlet - Initializing Servlet 'dispatcherServlet'
2025-11-06 12:50:49 [http-nio-8881-exec-1] INFO  o.s.web.servlet.DispatcherServlet - Completed initialization in 6 ms
2025-11-06 12:50:51 [http-nio-8881-exec-3] INFO  o.s.api.AbstractOpenApiResource - Init duration for springdoc-openapi is: 1551 ms
2025-11-06 12:51:26 [http-nio-8881-exec-5] INFO  B.B.L.config.TransactionAspect - Buyer 1 is attempting to buy books: [1]
2025-11-06 12:51:26 [http-nio-8881-exec-5] INFO  B.B.L.config.TransactionAspect - Buyer ID validated: 1
2025-11-06 12:51:27 [http-nio-8881-exec-5] INFO  B.B.L.config.TransactionAspect - Purchase completed. Response: [BookBuyResponse(message=Book purchased successfully! Transaction: a3e9871d-13f9-4f75-96f6-6f22d25264f7, bookName=Java Basics, quantity=1)]
2025-11-06 12:51:27 [http-nio-8881-exec-5] INFO  B.B.L.config.TransactionAspect - List Book.Book.LibrarianDost.service.TransactionService.buyBooks(Long,List) executed in 1137 ms
2025-11-06 12:52:43 [http-nio-8881-exec-9] INFO  B.B.L.config.TransactionAspect - Buyer 1 is attempting to buy books: [1, 2]
2025-11-06 12:52:43 [http-nio-8881-exec-9] INFO  B.B.L.config.TransactionAspect - Buyer ID validated: 1
2025-11-06 12:52:43 [http-nio-8881-exec-9] INFO  B.B.L.config.TransactionAspect - Purchase completed. Response: [BookBuyResponse(message=Book purchased successfully! Transaction: 0bef8de3-5632-4280-a3af-8079e4ec714a, bookName=Java Basics, quantity=1), BookBuyResponse(message=Book purchased successfully! Transaction: 4b4b06ff-a7be-4c30-89a7-1382d657b859, bookName=Spring Intro, quantity=1)]
2025-11-06 12:52:43 [http-nio-8881-exec-9] INFO  B.B.L.config.TransactionAspect - List Book.Book.LibrarianDost.service.TransactionService.buyBooks(Long,List) executed in 72 ms
2025-11-06 13:00:35 [http-nio-8881-exec-8] WARN  o.s.w.s.m.m.a.ExceptionHandlerExceptionResolver - Resolved [org.springframework.security.authentication.InternalAuthenticationServiceException: Seller not found]
2025-11-06 13:00:47 [http-nio-8881-exec-1] WARN  o.s.s.c.bcrypt.BCryptPasswordEncoder - Empty encoded password
2025-11-06 13:00:47 [http-nio-8881-exec-1] WARN  o.s.w.s.m.m.a.ExceptionHandlerExceptionResolver - Resolved [org.springframework.security.authentication.BadCredentialsException: Bad credentials]
2025-11-06 13:02:53 [http-nio-8881-exec-2] WARN  o.h.e.jdbc.spi.SqlExceptionHelper - SQL Error: 23505, SQLState: 23505
2025-11-06 13:02:53 [http-nio-8881-exec-2] ERROR o.h.e.jdbc.spi.SqlExceptionHelper - Unique index or primary key violation: "PRIMARY KEY ON PUBLIC.SELLER(ID) ( /* key:1 */ CAST(1 AS BIGINT), 'Hegel', '0551234567', CAST(208.0 AS DOUBLE PRECISION), NULL)"; SQL statement:
insert into seller (balance,name,password,phone,id) values (?,?,?,?,default) [23505-224]
2025-11-06 13:02:53 [http-nio-8881-exec-2] WARN  o.s.w.s.m.m.a.ExceptionHandlerExceptionResolver - Resolved [org.springframework.dao.DataIntegrityViolationException: could not execute statement [Unique index or primary key violation: "PRIMARY KEY ON PUBLIC.SELLER(ID) ( /* key:1 */ CAST(1 AS BIGINT), 'Hegel', '0551234567', CAST(208.0 AS DOUBLE PRECISION), NULL)"; SQL statement:<EOL>insert into seller (balance,name,password,phone,id) values (?,?,?,?,default) [23505-224]] [insert into seller (balance,name,password,phone,id) values (?,?,?,?,default)]; SQL [insert into seller (balance,name,password,phone,id) values (?,?,?,?,default)]; constraint [PRIMARY KEY]]
2025-11-06 13:03:40 [http-nio-8881-exec-3] WARN  o.h.e.jdbc.spi.SqlExceptionHelper - SQL Error: 23505, SQLState: 23505
2025-11-06 13:03:40 [http-nio-8881-exec-3] ERROR o.h.e.jdbc.spi.SqlExceptionHelper - Unique index or primary key violation: "PRIMARY KEY ON PUBLIC.SELLER(ID) ( /* key:2 */ CAST(2 AS BIGINT), 'Spinosa', '0518913254', NULL, NULL)"; SQL statement:
insert into seller (balance,name,password,phone,id) values (?,?,?,?,default) [23505-224]
2025-11-06 13:03:40 [http-nio-8881-exec-3] WARN  o.s.w.s.m.m.a.ExceptionHandlerExceptionResolver - Resolved [org.springframework.dao.DataIntegrityViolationException: could not execute statement [Unique index or primary key violation: "PRIMARY KEY ON PUBLIC.SELLER(ID) ( /* key:2 */ CAST(2 AS BIGINT), 'Spinosa', '0518913254', NULL, NULL)"; SQL statement:<EOL>insert into seller (balance,name,password,phone,id) values (?,?,?,?,default) [23505-224]] [insert into seller (balance,name,password,phone,id) values (?,?,?,?,default)]; SQL [insert into seller (balance,name,password,phone,id) values (?,?,?,?,default)]; constraint [PRIMARY KEY]]
2025-11-06 13:06:22 [SpringApplicationShutdownHook] INFO  o.s.o.j.LocalContainerEntityManagerFactoryBean - Closing JPA EntityManagerFactory for persistence unit 'default'
2025-11-06 13:06:22 [SpringApplicationShutdownHook] WARN  o.s.b.f.s.DisposableBeanAdapter - Invocation of destroy method failed on bean with name 'inMemoryDatabaseShutdownExecutor': org.h2.jdbc.JdbcSQLNonTransientConnectionException: Database is already closed (to disable automatic closing at VM shutdown, add ";DB_CLOSE_ON_EXIT=FALSE" to the db URL) [90121-224]
2025-11-06 13:06:22 [SpringApplicationShutdownHook] INFO  com.zaxxer.hikari.HikariDataSource - HikariPool-1 - Shutdown initiated...
2025-11-06 13:06:22 [SpringApplicationShutdownHook] INFO  com.zaxxer.hikari.HikariDataSource - HikariPool-1 - Shutdown completed.
