2025-10-26 00:29:33 [background-preinit] INFO  o.h.validator.internal.util.Version - HV000001: Hibernate Validator 8.0.1.Final
2025-10-26 00:29:33 [restartedMain] INFO  B.B.L.LibrarianDostApplication - Starting LibrarianDostApplication using Java 21.0.5 with PID 22480 (C:\Users\User\Desktop\LibrarianDost\target\classes started by User in C:\Users\User\Desktop\LibrarianDost)
2025-10-26 00:29:33 [restartedMain] INFO  B.B.L.LibrarianDostApplication - The following 1 profile is active: "prod"
2025-10-26 00:29:33 [restartedMain] INFO  o.s.b.d.e.DevToolsPropertyDefaultsPostProcessor - Devtools property defaults active! Set 'spring.devtools.add-properties' to 'false' to disable
2025-10-26 00:29:33 [restartedMain] INFO  o.s.b.d.e.DevToolsPropertyDefaultsPostProcessor - For additional web related logging consider setting the 'logging.level.web' property to 'DEBUG'
2025-10-26 00:29:33 [restartedMain] INFO  o.s.d.r.c.RepositoryConfigurationDelegate - Bootstrapping Spring Data JPA repositories in DEFAULT mode.
2025-10-26 00:29:33 [restartedMain] INFO  o.s.d.r.c.RepositoryConfigurationDelegate - Finished Spring Data repository scanning in 50 ms. Found 4 JPA repository interfaces.
2025-10-26 00:29:34 [restartedMain] INFO  o.s.b.w.e.tomcat.TomcatWebServer - Tomcat initialized with port 8881 (http)
2025-10-26 00:29:34 [restartedMain] INFO  o.a.coyote.http11.Http11NioProtocol - Initializing ProtocolHandler ["http-nio-8881"]
2025-10-26 00:29:34 [restartedMain] INFO  o.a.catalina.core.StandardService - Starting service [Tomcat]
2025-10-26 00:29:34 [restartedMain] INFO  o.a.catalina.core.StandardEngine - Starting Servlet engine: [Apache Tomcat/10.1.25]
2025-10-26 00:29:34 [restartedMain] INFO  o.a.c.c.C.[Tomcat].[localhost].[/] - Initializing Spring embedded WebApplicationContext
2025-10-26 00:29:34 [restartedMain] INFO  o.s.b.w.s.c.ServletWebServerApplicationContext - Root WebApplicationContext: initialization completed in 1475 ms
2025-10-26 00:29:34 [restartedMain] INFO  com.zaxxer.hikari.HikariDataSource - HikariPool-1 - Starting...
2025-10-26 00:29:34 [restartedMain] INFO  com.zaxxer.hikari.pool.HikariPool - HikariPool-1 - Added connection conn0: url=jdbc:h2:mem:testdb user=SA
2025-10-26 00:29:34 [restartedMain] INFO  com.zaxxer.hikari.HikariDataSource - HikariPool-1 - Start completed.
2025-10-26 00:29:34 [restartedMain] INFO  o.s.b.a.h.H2ConsoleAutoConfiguration - H2 console available at '/h2-console'. Database available at 'jdbc:h2:mem:testdb'
2025-10-26 00:29:34 [restartedMain] INFO  o.h.jpa.internal.util.LogHelper - HHH000204: Processing PersistenceUnitInfo [name: default]
2025-10-26 00:29:35 [restartedMain] INFO  org.hibernate.Version - HHH000412: Hibernate ORM core version 6.5.2.Final
2025-10-26 00:29:35 [restartedMain] INFO  o.h.c.i.RegionFactoryInitiator - HHH000026: Second-level cache disabled
2025-10-26 00:29:35 [restartedMain] INFO  o.s.o.j.p.SpringPersistenceUnitInfo - No LoadTimeWeaver setup: ignoring JPA class transformer
2025-10-26 00:29:36 [restartedMain] INFO  o.h.e.t.j.p.i.JtaPlatformInitiator - HHH000489: No JTA platform available (set 'hibernate.transaction.jta.platform' to enable JTA platform integration)
2025-10-26 00:29:36 [restartedMain] INFO  o.s.o.j.LocalContainerEntityManagerFactoryBean - Initialized JPA EntityManagerFactory for persistence unit 'default'
2025-10-26 00:29:36 [restartedMain] WARN  o.s.b.a.o.j.JpaBaseConfiguration$JpaWebConfiguration - spring.jpa.open-in-view is enabled by default. Therefore, database queries may be performed during view rendering. Explicitly configure spring.jpa.open-in-view to disable this warning
2025-10-26 00:29:36 [restartedMain] INFO  o.s.b.d.a.OptionalLiveReloadServer - LiveReload server is running on port 35729
2025-10-26 00:29:37 [restartedMain] INFO  o.a.coyote.http11.Http11NioProtocol - Starting ProtocolHandler ["http-nio-8881"]
2025-10-26 00:29:37 [restartedMain] INFO  o.s.b.w.e.tomcat.TomcatWebServer - Tomcat started on port 8881 (http) with context path '/'
2025-10-26 00:29:37 [restartedMain] INFO  B.B.L.LibrarianDostApplication - Started LibrarianDostApplication in 4.421 seconds (process running for 4.871)
2025-10-26 00:29:46 [http-nio-8881-exec-2] INFO  o.a.c.c.C.[Tomcat].[localhost].[/] - Initializing Spring DispatcherServlet 'dispatcherServlet'
2025-10-26 00:29:46 [http-nio-8881-exec-2] INFO  o.s.web.servlet.DispatcherServlet - Initializing Servlet 'dispatcherServlet'
2025-10-26 00:29:46 [http-nio-8881-exec-2] INFO  o.s.web.servlet.DispatcherServlet - Completed initialization in 3 ms
2025-10-26 00:29:47 [http-nio-8881-exec-4] INFO  o.s.api.AbstractOpenApiResource - Init duration for springdoc-openapi is: 947 ms
2025-10-26 00:29:57 [http-nio-8881-exec-3] INFO  B.B.L.config.TransactionAspect - Buyer 2 is attempting to buy books: [2, 3, 4, 5]
2025-10-26 00:29:57 [http-nio-8881-exec-3] INFO  B.B.L.config.TransactionAspect - Buyer ID validated: 2
2025-10-26 00:29:58 [http-nio-8881-exec-3] INFO  B.B.L.config.TransactionAspect - Purchase completed. Response: [BookBuyResponse(message=Book purchased successfully! Transaction: 8299e7c0-93c2-402b-bd34-64a0711f350e, bookName=Spring Intro, quantity=1), BookBuyResponse(message=Book purchased successfully! Transaction: 3d3ed863-29d2-4e72-b5b9-6e269a3a2d15, bookName=Hibernate Guide, quantity=1), BookBuyResponse(message=Book purchased successfully! Transaction: 6bb89d35-89d2-411e-b3ac-643595a389bf, bookName=Algorithms 101, quantity=1), BookBuyResponse(message=Book purchased successfully! Transaction: 0b601cf2-afe2-4353-b9a9-dd72a1346408, bookName=Data Structures, quantity=1)]
2025-10-26 00:29:58 [http-nio-8881-exec-3] INFO  B.B.L.config.TransactionAspect - List Book.Book.LibrarianDost.service.TransactionService.buyBooks(Long,List) executed in 579 ms
2025-10-26 00:39:30 [http-nio-8881-exec-8] INFO  B.B.L.config.TransactionAspect - Buyer 2 is attempting to buy books: [2, 3, 4, 5]
2025-10-26 00:39:30 [http-nio-8881-exec-8] INFO  B.B.L.config.TransactionAspect - Buyer ID validated: 2
2025-10-26 00:39:30 [http-nio-8881-exec-8] INFO  B.B.L.config.TransactionAspect - Purchase completed. Response: [BookBuyResponse(message=Book purchased successfully! Transaction: 0a9944f1-d3e9-40e6-936f-0a0df6af82aa, bookName=Spring Intro, quantity=1), BookBuyResponse(message=Book purchased successfully! Transaction: 04fe2356-5629-41c0-82f1-bcc9e2f5d84a, bookName=Hibernate Guide, quantity=1), BookBuyResponse(message=Book purchased successfully! Transaction: 9cd01046-4c14-4687-a6ad-c43a94a4aefc, bookName=Algorithms 101, quantity=1), BookBuyResponse(message=Book purchased successfully! Transaction: 3ccd37c1-f288-44f0-a946-eed8fc269861, bookName=Data Structures, quantity=1)]
2025-10-26 00:39:30 [http-nio-8881-exec-8] INFO  B.B.L.config.TransactionAspect - List Book.Book.LibrarianDost.service.TransactionService.buyBooks(Long,List) executed in 115 ms
