2025-10-14 15:29:48 [restartedMain] INFO  B.B.L.LibrarianDostApplication - Starting LibrarianDostApplication using Java 21.0.5 with PID 22380 (C:\Users\User\Desktop\LibrarianDost\target\classes started by User in C:\Users\User\Desktop\LibrarianDost)
2025-10-14 15:29:48 [restartedMain] INFO  B.B.L.LibrarianDostApplication - The following 1 profile is active: "prod"
2025-10-14 15:29:49 [restartedMain] INFO  o.s.d.r.c.RepositoryConfigurationDelegate - Bootstrapping Spring Data JPA repositories in DEFAULT mode.
2025-10-14 15:29:49 [restartedMain] INFO  o.s.d.r.c.RepositoryConfigurationDelegate - Finished Spring Data repository scanning in 1 ms. Found 0 JPA repository interfaces.
2025-10-14 15:29:49 [restartedMain] INFO  o.s.b.w.e.tomcat.TomcatWebServer - Tomcat initialized with port 8881 (http)
2025-10-14 15:29:49 [restartedMain] INFO  o.a.coyote.http11.Http11NioProtocol - Initializing ProtocolHandler ["http-nio-8881"]
2025-10-14 15:29:49 [restartedMain] INFO  o.a.catalina.core.StandardService - Starting service [Tomcat]
2025-10-14 15:29:49 [restartedMain] INFO  o.a.catalina.core.StandardEngine - Starting Servlet engine: [Apache Tomcat/10.1.25]
2025-10-14 15:29:49 [restartedMain] INFO  o.a.c.c.C.[Tomcat].[localhost].[/] - Initializing Spring embedded WebApplicationContext
2025-10-14 15:29:49 [restartedMain] INFO  o.s.b.w.s.c.ServletWebServerApplicationContext - Root WebApplicationContext: initialization completed in 602 ms
2025-10-14 15:29:49 [restartedMain] INFO  com.zaxxer.hikari.HikariDataSource - HikariPool-2 - Starting...
2025-10-14 15:29:49 [restartedMain] INFO  com.zaxxer.hikari.pool.HikariPool - HikariPool-2 - Added connection conn10: url=jdbc:h2:mem:testdb user=SA
2025-10-14 15:29:49 [restartedMain] INFO  com.zaxxer.hikari.HikariDataSource - HikariPool-2 - Start completed.
2025-10-14 15:29:49 [restartedMain] INFO  o.s.b.a.h.H2ConsoleAutoConfiguration - H2 console available at '/h2-console'. Database available at 'jdbc:h2:mem:testdb'
2025-10-14 15:29:49 [restartedMain] INFO  o.h.jpa.internal.util.LogHelper - HHH000204: Processing PersistenceUnitInfo [name: default]
2025-10-14 15:29:49 [restartedMain] INFO  o.h.c.i.RegionFactoryInitiator - HHH000026: Second-level cache disabled
2025-10-14 15:29:49 [restartedMain] INFO  o.s.o.j.p.SpringPersistenceUnitInfo - No LoadTimeWeaver setup: ignoring JPA class transformer
2025-10-14 15:29:49 [restartedMain] INFO  o.h.e.t.j.p.i.JtaPlatformInitiator - HHH000489: No JTA platform available (set 'hibernate.transaction.jta.platform' to enable JTA platform integration)
2025-10-14 15:29:49 [restartedMain] INFO  o.s.o.j.LocalContainerEntityManagerFactoryBean - Initialized JPA EntityManagerFactory for persistence unit 'default'
2025-10-14 15:29:49 [restartedMain] WARN  o.s.b.a.o.j.JpaBaseConfiguration$JpaWebConfiguration - spring.jpa.open-in-view is enabled by default. Therefore, database queries may be performed during view rendering. Explicitly configure spring.jpa.open-in-view to disable this warning
2025-10-14 15:29:49 [restartedMain] WARN  o.s.b.d.a.OptionalLiveReloadServer - Unable to start LiveReload server
2025-10-14 15:29:49 [restartedMain] INFO  o.a.coyote.http11.Http11NioProtocol - Starting ProtocolHandler ["http-nio-8881"]
2025-10-14 15:29:49 [restartedMain] INFO  o.s.b.w.e.tomcat.TomcatWebServer - Tomcat started on port 8881 (http) with context path '/'
2025-10-14 15:29:49 [restartedMain] INFO  B.B.L.LibrarianDostApplication - Started LibrarianDostApplication in 1.146 seconds (process running for 820.326)
2025-10-14 15:29:49 [restartedMain] INFO  o.s.b.d.a.ConditionEvaluationDeltaLoggingListener - Condition evaluation delta:


==========================
CONDITION EVALUATION DELTA
==========================


Positive matches:
-----------------

   ActiveMQAutoConfiguration matched:
      - @ConditionalOnClass found required classes 'jakarta.jms.ConnectionFactory', 'org.apache.activemq.ActiveMQConnectionFactory' (OnClassCondition)
      - @ConditionalOnMissingBean (types: jakarta.jms.ConnectionFactory; SearchStrategy: all) did not find any beans (OnBeanCondition)

   ActiveMQAutoConfiguration#activemqConnectionDetails matched:
      - @ConditionalOnMissingBean (types: org.springframework.boot.autoconfigure.jms.activemq.ActiveMQConnectionDetails; SearchStrategy: all) did not find any beans (OnBeanCondition)

   ActiveMQConnectionFactoryConfiguration matched:
      - @ConditionalOnMissingBean (types: jakarta.jms.ConnectionFactory; SearchStrategy: all) did not find any beans (OnBeanCondition)

   JmsAnnotationDrivenConfiguration.EnableJmsConfiguration matched:
      - @ConditionalOnMissingBean (names: org.springframework.jms.config.internalJmsListenerAnnotationProcessor; SearchStrategy: all) did not find any beans (OnBeanCondition)

   JmsAutoConfiguration.JmsTemplateConfiguration#jmsTemplate matched:
      - @ConditionalOnSingleCandidate (types: jakarta.jms.ConnectionFactory; SearchStrategy: all) found a single bean 'jmsConnectionFactory'; @ConditionalOnMissingBean (types: org.springframework.jms.core.JmsOperations; SearchStrategy: all) did not find any beans (OnBeanCondition)


Negative matches:
-----------------

   ActiveMQConnectionFactoryConfiguration.SimpleConnectionFactoryConfiguration#jmsConnectionFactory:
      Did not match:
         - @ConditionalOnProperty (spring.jms.cache.enabled=false) did not find property 'enabled' (OnPropertyCondition)

   ActiveMQXAConnectionFactoryConfiguration:
      Did not match:
         - @ConditionalOnBean (types: org.springframework.boot.jms.XAConnectionFactoryWrapper; SearchStrategy: all) did not find any beans of type org.springframework.boot.jms.XAConnectionFactoryWrapper (OnBeanCondition)
      Matched:
         - @ConditionalOnClass found required class 'jakarta.transaction.TransactionManager' (OnClassCondition)


Exclusions:
-----------

    None


Unconditional classes:
----------------------

    None



2025-10-14 15:29:54 [File Watcher] INFO  o.s.b.d.a.LocalDevToolsAutoConfiguration$RestartingClassPathChangeChangedEventListener - Restarting due to 29 class path changes (29 additions, 0 deletions, 0 modifications)
2025-10-14 15:29:54 [Thread-5] INFO  o.a.coyote.http11.Http11NioProtocol - Stopping ProtocolHandler ["http-nio-8881"]
2025-10-14 15:29:54 [Thread-5] INFO  o.s.o.j.LocalContainerEntityManagerFactoryBean - Closing JPA EntityManagerFactory for persistence unit 'default'
2025-10-14 15:29:54 [Thread-5] WARN  o.s.b.f.s.DisposableBeanAdapter - Invocation of destroy method failed on bean with name 'inMemoryDatabaseShutdownExecutor': org.h2.jdbc.JdbcSQLNonTransientConnectionException: Database is already closed (to disable automatic closing at VM shutdown, add ";DB_CLOSE_ON_EXIT=FALSE" to the db URL) [90121-224]
2025-10-14 15:29:54 [Thread-5] INFO  com.zaxxer.hikari.HikariDataSource - HikariPool-2 - Shutdown initiated...
2025-10-14 15:29:54 [Thread-5] INFO  com.zaxxer.hikari.HikariDataSource - HikariPool-2 - Shutdown completed.
