2025-09-18 13:23:03 [background-preinit] INFO  o.h.validator.internal.util.Version - HV000001: Hibernate Validator 8.0.1.Final
2025-09-18 13:23:03 [restartedMain] INFO  B.B.L.LibrarianDostApplication - Starting LibrarianDostApplication using Java 21.0.5 with PID 54988 (C:\Users\User\Desktop\LibrarianDost\target\classes started by User in C:\Users\User\Desktop\LibrarianDost)
2025-09-18 13:23:03 [restartedMain] INFO  B.B.L.LibrarianDostApplication - No active profile set, falling back to 1 default profile: "default"
2025-09-18 13:23:03 [restartedMain] INFO  o.s.b.d.e.DevToolsPropertyDefaultsPostProcessor - Devtools property defaults active! Set 'spring.devtools.add-properties' to 'false' to disable
2025-09-18 13:23:03 [restartedMain] INFO  o.s.b.d.e.DevToolsPropertyDefaultsPostProcessor - For additional web related logging consider setting the 'logging.level.web' property to 'DEBUG'
2025-09-18 13:23:04 [restartedMain] INFO  o.s.d.r.c.RepositoryConfigurationDelegate - Bootstrapping Spring Data JPA repositories in DEFAULT mode.
2025-09-18 13:23:04 [restartedMain] INFO  o.s.d.r.c.RepositoryConfigurationDelegate - Finished Spring Data repository scanning in 89 ms. Found 4 JPA repository interfaces.
2025-09-18 13:23:06 [restartedMain] INFO  o.s.b.w.e.tomcat.TomcatWebServer - Tomcat initialized with port 8881 (http)
2025-09-18 13:23:06 [restartedMain] INFO  o.a.coyote.http11.Http11NioProtocol - Initializing ProtocolHandler ["http-nio-8881"]
2025-09-18 13:23:06 [restartedMain] INFO  o.a.catalina.core.StandardService - Starting service [Tomcat]
2025-09-18 13:23:06 [restartedMain] INFO  o.a.catalina.core.StandardEngine - Starting Servlet engine: [Apache Tomcat/10.1.25]
2025-09-18 13:23:06 [restartedMain] INFO  o.a.c.c.C.[Tomcat].[localhost].[/] - Initializing Spring embedded WebApplicationContext
2025-09-18 13:23:06 [restartedMain] INFO  o.s.b.w.s.c.ServletWebServerApplicationContext - Root WebApplicationContext: initialization completed in 3231 ms
2025-09-18 13:23:06 [restartedMain] INFO  com.zaxxer.hikari.HikariDataSource - HikariPool-1 - Starting...
2025-09-18 13:23:06 [restartedMain] INFO  com.zaxxer.hikari.pool.HikariPool - HikariPool-1 - Added connection conn0: url=jdbc:h2:mem:testdb user=SA
2025-09-18 13:23:06 [restartedMain] INFO  com.zaxxer.hikari.HikariDataSource - HikariPool-1 - Start completed.
2025-09-18 13:23:06 [restartedMain] INFO  o.s.b.a.h.H2ConsoleAutoConfiguration - H2 console available at '/h2-console'. Database available at 'jdbc:h2:mem:testdb'
2025-09-18 13:23:07 [restartedMain] INFO  o.h.jpa.internal.util.LogHelper - HHH000204: Processing PersistenceUnitInfo [name: default]
2025-09-18 13:23:07 [restartedMain] INFO  org.hibernate.Version - HHH000412: Hibernate ORM core version 6.5.2.Final
2025-09-18 13:23:07 [restartedMain] INFO  o.h.c.i.RegionFactoryInitiator - HHH000026: Second-level cache disabled
2025-09-18 13:23:07 [restartedMain] INFO  o.s.o.j.p.SpringPersistenceUnitInfo - No LoadTimeWeaver setup: ignoring JPA class transformer
2025-09-18 13:23:09 [restartedMain] INFO  o.h.e.t.j.p.i.JtaPlatformInitiator - HHH000489: No JTA platform available (set 'hibernate.transaction.jta.platform' to enable JTA platform integration)
2025-09-18 13:23:09 [restartedMain] INFO  o.s.o.j.LocalContainerEntityManagerFactoryBean - Initialized JPA EntityManagerFactory for persistence unit 'default'
2025-09-18 13:23:10 [restartedMain] WARN  o.s.b.a.o.j.JpaBaseConfiguration$JpaWebConfiguration - spring.jpa.open-in-view is enabled by default. Therefore, database queries may be performed during view rendering. Explicitly configure spring.jpa.open-in-view to disable this warning
2025-09-18 13:23:11 [restartedMain] WARN  o.s.b.d.a.OptionalLiveReloadServer - Unable to start LiveReload server
2025-09-18 13:23:11 [restartedMain] INFO  o.a.coyote.http11.Http11NioProtocol - Starting ProtocolHandler ["http-nio-8881"]
2025-09-18 13:23:11 [restartedMain] INFO  o.s.b.w.e.tomcat.TomcatWebServer - Tomcat started on port 8881 (http) with context path '/'
2025-09-18 13:23:11 [restartedMain] INFO  B.B.L.LibrarianDostApplication - Started LibrarianDostApplication in 9.735 seconds (process running for 10.587)
2025-09-18 13:23:12 [http-nio-8881-exec-1] INFO  o.a.c.c.C.[Tomcat].[localhost].[/] - Initializing Spring DispatcherServlet 'dispatcherServlet'
2025-09-18 13:23:12 [http-nio-8881-exec-1] INFO  o.s.web.servlet.DispatcherServlet - Initializing Servlet 'dispatcherServlet'
2025-09-18 13:23:12 [http-nio-8881-exec-1] INFO  o.s.web.servlet.DispatcherServlet - Completed initialization in 3 ms
2025-09-18 13:23:14 [http-nio-8881-exec-4] INFO  o.s.api.AbstractOpenApiResource - Init duration for springdoc-openapi is: 1000 ms
2025-09-18 13:23:43 [http-nio-8881-exec-2] WARN  o.s.w.s.m.m.a.ExceptionHandlerExceptionResolver - Resolved [org.springframework.web.servlet.resource.NoResourceFoundException: No static resource favicon.ico.]
2025-09-18 13:23:44 [http-nio-8881-exec-1] WARN  o.s.w.s.m.m.a.ExceptionHandlerExceptionResolver - Resolved [org.springframework.web.servlet.resource.NoResourceFoundException: No static resource favicon.ico.]
2025-09-18 14:23:12 [http-nio-8881-exec-1] WARN  o.s.w.s.m.m.a.ExceptionHandlerExceptionResolver - Resolved [org.springframework.web.client.HttpClientErrorException$NotFound: 404 : "{"error":"Not Found","message":"Transaction tapılmadı: ff8b5639-aa98-45e9-bf01-3696f7f8761e","timestamp":"2025-09-18T14:23:12.0673477","status":404}"]
2025-09-18 14:40:30 [http-nio-8881-exec-2] WARN  o.s.w.s.m.m.a.ExceptionHandlerExceptionResolver - Resolved [org.springframework.web.client.HttpServerErrorException$InternalServerError: 500 : "{"error":"Internal Server Error","message":"No static resource payments/refund/26e43cb4-03a9-41ca-becf-e8c59e17e95f.","timestamp":"2025-09-18T14:40:30.1073166","status":500}"]
2025-09-18 14:41:47 [http-nio-8881-exec-4] WARN  o.s.w.s.m.m.a.ExceptionHandlerExceptionResolver - Resolved [org.springframework.web.client.ResourceAccessException: I/O error on POST request for "http://localhost:8880/payments/refund/26e43cb4-03a9-41ca-becf-e8c59e17e95f": Connection refused: connect]
2025-09-18 14:41:51 [http-nio-8881-exec-10] WARN  o.s.w.s.m.m.a.ExceptionHandlerExceptionResolver - Resolved [org.springframework.web.client.HttpServerErrorException$InternalServerError: 500 : "{"error":"Internal Server Error","message":"No static resource payments/refund/26e43cb4-03a9-41ca-becf-e8c59e17e95f.","timestamp":"2025-09-18T14:41:51.884389","status":500}"]
2025-09-18 14:42:09 [http-nio-8881-exec-8] WARN  o.s.w.s.m.m.a.ExceptionHandlerExceptionResolver - Resolved [org.springframework.web.client.HttpServerErrorException$InternalServerError: 500 : "{"error":"Internal Server Error","message":"No static resource payments/refund/26e43cb4-03a9-41ca-becf-e8c59e17e95f.","timestamp":"2025-09-18T14:42:09.438745","status":500}"]
2025-09-18 14:43:35 [http-nio-8881-exec-9] WARN  o.s.w.s.m.m.a.ExceptionHandlerExceptionResolver - Resolved [org.springframework.web.client.ResourceAccessException: I/O error on POST request for "http://localhost:8880/payments/refund/26e43cb4-03a9-41ca-becf-e8c59e17e95f": Connection refused: connect]
2025-09-18 14:43:43 [http-nio-8881-exec-1] WARN  o.s.w.s.m.m.a.ExceptionHandlerExceptionResolver - Resolved [org.springframework.web.client.HttpServerErrorException$InternalServerError: 500 : "{"error":"Internal Server Error","message":"Request method 'POST' is not supported","timestamp":"2025-09-18T14:43:43.0154934","status":500}"]
2025-09-18 14:44:08 [http-nio-8881-exec-2] WARN  o.s.w.s.m.m.a.ExceptionHandlerExceptionResolver - Resolved [org.springframework.web.client.HttpServerErrorException$InternalServerError: 500 : "{"error":"Internal Server Error","message":"Request method 'POST' is not supported","timestamp":"2025-09-18T14:44:08.9893687","status":500}"]
2025-09-18 14:48:00 [SpringApplicationShutdownHook] INFO  o.s.o.j.LocalContainerEntityManagerFactoryBean - Closing JPA EntityManagerFactory for persistence unit 'default'
2025-09-18 14:48:00 [SpringApplicationShutdownHook] WARN  o.s.b.f.s.DisposableBeanAdapter - Invocation of destroy method failed on bean with name 'inMemoryDatabaseShutdownExecutor': org.h2.jdbc.JdbcSQLNonTransientConnectionException: Database is already closed (to disable automatic closing at VM shutdown, add ";DB_CLOSE_ON_EXIT=FALSE" to the db URL) [90121-224]
2025-09-18 14:48:00 [SpringApplicationShutdownHook] INFO  com.zaxxer.hikari.HikariDataSource - HikariPool-1 - Shutdown initiated...
2025-09-18 14:48:00 [SpringApplicationShutdownHook] INFO  com.zaxxer.hikari.HikariDataSource - HikariPool-1 - Shutdown completed.
