2025-09-15 11:52:29 [background-preinit] INFO  o.h.validator.internal.util.Version - HV000001: Hibernate Validator 8.0.1.Final
2025-09-15 11:52:29 [restartedMain] INFO  B.B.L.LibrarianDostApplication - Starting LibrarianDostApplication using Java 21.0.5 with PID 26256 (C:\Users\User\Desktop\LibrarianDost\target\classes started by User in C:\Users\User\Desktop\LibrarianDost)
2025-09-15 11:52:29 [restartedMain] INFO  B.B.L.LibrarianDostApplication - No active profile set, falling back to 1 default profile: "default"
2025-09-15 11:52:29 [restartedMain] INFO  o.s.b.d.e.DevToolsPropertyDefaultsPostProcessor - Devtools property defaults active! Set 'spring.devtools.add-properties' to 'false' to disable
2025-09-15 11:52:29 [restartedMain] INFO  o.s.b.d.e.DevToolsPropertyDefaultsPostProcessor - For additional web related logging consider setting the 'logging.level.web' property to 'DEBUG'
2025-09-15 11:52:30 [restartedMain] INFO  o.s.d.r.c.RepositoryConfigurationDelegate - Bootstrapping Spring Data JPA repositories in DEFAULT mode.
2025-09-15 11:52:31 [restartedMain] INFO  o.s.d.r.c.RepositoryConfigurationDelegate - Finished Spring Data repository scanning in 72 ms. Found 4 JPA repository interfaces.
2025-09-15 11:52:32 [restartedMain] INFO  o.s.b.w.e.tomcat.TomcatWebServer - Tomcat initialized with port 8881 (http)
2025-09-15 11:52:32 [restartedMain] INFO  o.a.coyote.http11.Http11NioProtocol - Initializing ProtocolHandler ["http-nio-8881"]
2025-09-15 11:52:32 [restartedMain] INFO  o.a.catalina.core.StandardService - Starting service [Tomcat]
2025-09-15 11:52:32 [restartedMain] INFO  o.a.catalina.core.StandardEngine - Starting Servlet engine: [Apache Tomcat/10.1.25]
2025-09-15 11:52:32 [restartedMain] INFO  o.a.c.c.C.[Tomcat].[localhost].[/] - Initializing Spring embedded WebApplicationContext
2025-09-15 11:52:32 [restartedMain] INFO  o.s.b.w.s.c.ServletWebServerApplicationContext - Root WebApplicationContext: initialization completed in 2652 ms
2025-09-15 11:52:32 [restartedMain] INFO  com.zaxxer.hikari.HikariDataSource - HikariPool-1 - Starting...
2025-09-15 11:52:32 [restartedMain] INFO  com.zaxxer.hikari.pool.HikariPool - HikariPool-1 - Added connection conn0: url=jdbc:h2:mem:testdb user=SA
2025-09-15 11:52:32 [restartedMain] INFO  com.zaxxer.hikari.HikariDataSource - HikariPool-1 - Start completed.
2025-09-15 11:52:32 [restartedMain] INFO  o.s.b.a.h.H2ConsoleAutoConfiguration - H2 console available at '/h2-console'. Database available at 'jdbc:h2:mem:testdb'
2025-09-15 11:52:32 [restartedMain] WARN  o.s.b.w.s.c.AnnotationConfigServletWebServerApplicationContext - Exception encountered during context initialization - cancelling refresh attempt: org.springframework.beans.factory.BeanCreationException: Error creating bean with name 'entityManagerFactory' defined in class path resource [org/springframework/boot/autoconfigure/orm/jpa/HibernateJpaConfiguration.class]: Failed to initialize dependency 'dataSourceScriptDatabaseInitializer' of LoadTimeWeaverAware bean 'entityManagerFactory': Error creating bean with name 'dataSourceScriptDatabaseInitializer' defined in class path resource [org/springframework/boot/autoconfigure/sql/init/DataSourceInitializationConfiguration.class]: Unsatisfied dependency expressed through method 'dataSourceScriptDatabaseInitializer' parameter 1: Error creating bean with name 'spring.sql.init-org.springframework.boot.autoconfigure.sql.init.SqlInitializationProperties': Could not bind properties to 'SqlInitializationProperties' : prefix=spring.sql.init, ignoreInvalidFields=false, ignoreUnknownFields=true
2025-09-15 11:52:32 [restartedMain] INFO  com.zaxxer.hikari.HikariDataSource - HikariPool-1 - Shutdown initiated...
2025-09-15 11:52:32 [restartedMain] INFO  com.zaxxer.hikari.HikariDataSource - HikariPool-1 - Shutdown completed.
2025-09-15 11:52:32 [restartedMain] INFO  o.a.catalina.core.StandardService - Stopping service [Tomcat]
2025-09-15 11:52:32 [restartedMain] INFO  o.s.b.a.l.ConditionEvaluationReportLogger - 

Error starting ApplicationContext. To display the condition evaluation report re-run your application with 'debug' enabled.
2025-09-15 11:52:32 [restartedMain] ERROR o.s.b.d.LoggingFailureAnalysisReporter - 

***************************
APPLICATION FAILED TO START
***************************

Description:

Failed to bind properties under 'spring.sql.init.mode' to org.springframework.boot.sql.init.DatabaseInitializationMode:

    Property: spring.sql.init.mode
    Value: "always                # data.sql h?r run zaman? i?l?sin"
    Origin: class path resource [application.properties] - 15:22
    Reason: failed to convert java.lang.String to org.springframework.boot.sql.init.DatabaseInitializationMode (caused by java.lang.IllegalArgumentException: No enum constant org.springframework.boot.sql.init.DatabaseInitializationMode.always                # data.sql h?r run zaman? i?l?sin)

Action:

Update your application's configuration. The following values are valid:

    ALWAYS
    EMBEDDED
    NEVER

